09:48:48.893 - 1: org.apache.uima.adapter.jms.service.UIMA_Service.initialize(67): INFO: UIMA-AS version 2.6.0
09:48:50.22 - 1: org.apache.uima.aae.controller.BaseAnalysisEngineController.logPlatformInfo: INFO: 
+------------------------------------------------------------------
                   Starting UIMA AS Service - PID: 27687
+------------------------------------------------------------------
+ Service Name:aaeDescriptor
+ Service Queue Name:zhuyundQueue
+ Service Start Time:26 Oct 2015 21:48:48 
+ UIMA AS Version:2.6.0
+ UIMA Core Version:2.6.0
+ OS Name:Mac OS X
+ OS Version:10.11
+ OS Architecture:x86_64
+ OS CPU Count:4
+ JVM Vendor:Oracle Corporation
+ JVM Name:Java HotSpot(TM) 64-Bit Server VM
+ JVM Version:25.31-b07
+ JVM Input Args:[-DVNS_HOST=localhost, -DVNS_PORT=9000, -Duima.home=/Users/zhuyund/Documents/apache-uima-as-2.6.0/, -Duima.datapath=, -Djava.util.logging.config.file=/Users/zhuyund/Documents/apache-uima-as-2.6.0//config/Logger.properties, -Duima.tools.cvd.manpath.notset, -Xms128M, -Xmx4000M, -XX:-UseGCOverheadLimit, -Dlog4j.configuration=file:/Users/zhuyund/Documents/apache-uima-as-2.6.0//as_config/uimaAsLog4j.properties, -DUimaBootstrapSuppressClassPathDisplay, -Dorg.apache.uima.jarpath=./target/classes:./dependency/:/Users/zhuyund/Documents/apache-uima-as-2.6.0//examples/resources:/Users/zhuyund/Documents/apache-uima-as-2.6.0//lib::/Users/zhuyund/Documents/apache-uima-as-2.6.0//lib/xmlbeans:/Users/zhuyund/Documents/apache-uima-as-2.6.0//apache-activemq:/Users/zhuyund/Documents/apache-uima-as-2.6.0//apache-activemq/lib:/Users/zhuyund/Documents/apache-uima-as-2.6.0//apache-activemq/lib/optional:]
+ JVM Classpath:/Users/zhuyund/Documents/apache-uima-as-2.6.0//lib/uimaj-bootstrap.jar
+ JVM Loaded Jars:/Users/zhuyund/Documents/apache-uima-as-2.6.0/lib/uimaj-bootstrap.jar:/Users/zhuyund/Documents/workspace/pi8-zhuyund/./target/classes/:/Users/zhuyund/Documents/workspace/pi8-zhuyund/./dependency/stanford-corenlp-3.5.2-sources.jar:/Users/zhuyund/Documents/workspace/pi8-zhuyund/./dependency/stanford-corenlp-3.5.2.jar:/Users/zhuyund/Documents/apache-uima-as-2.6.0/examples/resources/:/Users/zhuyund/Documents/apache-uima-as-2.6.0/lib/jVinci.jar:/Users/zhuyund/Documents/apache-uima-as-2.6.0/lib/uima-adapter-soap.jar:/Users/zhuyund/Documents/apache-uima-as-2.6.0/lib/uima-adapter-vinci.jar:/Users/zhuyund/Documents/apache-uima-as-2.6.0/lib/uima-core.jar:/Users/zhuyund/Documents/apache-uima-as-2.6.0/lib/uima-cpe.jar:/Users/zhuyund/Documents/apache-uima-as-2.6.0/lib/uima-document-annotation.jar:/Users/zhuyund/Documents/apache-uima-as-2.6.0/lib/uima-examples.jar:/Users/zhuyund/Documents/apache-uima-as-2.6.0/lib/uima-tools.jar:/Users/zhuyund/Documents/apache-uima-as-2.6.0/lib/uimaj-as-activemq.jar:/Users/zhuyund/Documents/apache-uima-as-2.6.0/lib/uimaj-as-camel.jar:/Users/zhuyund/Documents/apache-uima-as-2.6.0/lib/uimaj-as-core.jar:/Users/zhuyund/Documents/apache-uima-as-2.6.0/lib/uimaj-as-jms.jar:/Users/zhuyund/Documents/apache-uima-as-2.6.0/lib/xmlbeans.jar:/Users/zhuyund/Documents/apache-uima-as-2.6.0/apache-activemq/activemq-all-5.7.0.jar:/Users/zhuyund/Documents/apache-uima-as-2.6.0/apache-activemq/lib/activemq-camel-5.7.0.jar:/Users/zhuyund/Documents/apache-uima-as-2.6.0/apache-activemq/lib/activemq-console-5.7.0.jar:/Users/zhuyund/Documents/apache-uima-as-2.6.0/apache-activemq/lib/activemq-core-5.7.0.jar:/Users/zhuyund/Documents/apache-uima-as-2.6.0/apache-activemq/lib/activemq-optional-5.7.0.jar:/Users/zhuyund/Documents/apache-uima-as-2.6.0/apache-activemq/lib/activemq-spring-5.7.0.jar:/Users/zhuyund/Documents/apache-uima-as-2.6.0/apache-activemq/lib/commons-logging-1.0.4.jar:/Users/zhuyund/Documents/apache-uima-as-2.6.0/apache-activemq/lib/geronimo-j2ee-management_1.1_spec-1.0.1.jar:/Users/zhuyund/Documents/apache-uima-as-2.6.0/apache-activemq/lib/geronimo-jms_1.1_spec-1.1.1.jar:/Users/zhuyund/Documents/apache-uima-as-2.6.0/apache-activemq/lib/jcl-over-slf4j-1.6.4.jar:/Users/zhuyund/Documents/apache-uima-as-2.6.0/apache-activemq/lib/kahadb-5.7.0.jar:/Users/zhuyund/Documents/apache-uima-as-2.6.0/apache-activemq/lib/slf4j-api-1.6.4.jar:/Users/zhuyund/Documents/apache-uima-as-2.6.0/apache-activemq/lib/slf4j-log4j12-1.6.4.jar:/Users/zhuyund/Documents/apache-uima-as-2.6.0/apache-activemq/lib/spring-aop-3.0.7.RELEASE.jar:/Users/zhuyund/Documents/apache-uima-as-2.6.0/apache-activemq/lib/spring-asm-3.0.7.RELEASE.jar:/Users/zhuyund/Documents/apache-uima-as-2.6.0/apache-activemq/lib/spring-beans-3.0.7.RELEASE.jar:/Users/zhuyund/Documents/apache-uima-as-2.6.0/apache-activemq/lib/spring-context-3.0.7.RELEASE.jar:/Users/zhuyund/Documents/apache-uima-as-2.6.0/apache-activemq/lib/spring-core-3.0.7.RELEASE.jar:/Users/zhuyund/Documents/apache-uima-as-2.6.0/apache-activemq/lib/spring-expression-3.0.7.RELEASE.jar:/Users/zhuyund/Documents/apache-uima-as-2.6.0/apache-activemq/lib/spring-jms-3.0.7.RELEASE.jar:/Users/zhuyund/Documents/apache-uima-as-2.6.0/apache-activemq/lib/spring-tx-3.0.7.RELEASE.jar:/Users/zhuyund/Documents/apache-uima-as-2.6.0/apache-activemq/lib/xbean-spring-3.11.1.jar:/Users/zhuyund/Documents/apache-uima-as-2.6.0/apache-activemq/lib/optional/commons-codec-1.2.jar:/Users/zhuyund/Documents/apache-uima-as-2.6.0/apache-activemq/lib/optional/commons-httpclient-3.1.jar:/Users/zhuyund/Documents/apache-uima-as-2.6.0/apache-activemq/lib/optional/geronimo-servlet_2.5_spec-1.2.jar:/Users/zhuyund/Documents/apache-uima-as-2.6.0/apache-activemq/lib/optional/httpclient-4.2.1.jar:/Users/zhuyund/Documents/apache-uima-as-2.6.0/apache-activemq/lib/optional/httpcore-4.2.1.jar:/Users/zhuyund/Documents/apache-uima-as-2.6.0/apache-activemq/lib/optional/jetty-all-server-7.6.7.v20120910.jar:/Users/zhuyund/Documents/apache-uima-as-2.6.0/apache-activemq/lib/optional/log4j-1.2.16.jar:/Users/zhuyund/Documents/apache-uima-as-2.6.0/apache-activemq/lib/optional/xmlpull-1.1.3.1.jar:/Users/zhuyund/Documents/apache-uima-as-2.6.0/apache-activemq/lib/optional/xpp3-1.1.4c.jar:/Users/zhuyund/Documents/apache-uima-as-2.6.0/apache-activemq/lib/optional/xstream-1.4.3.jar:
+ JVM LIB_PATH:/Users/zhuyund/Library/Java/Extensions:/Library/Java/Extensions:/Network/Library/Java/Extensions:/System/Library/Java/Extensions:/usr/lib/java:.
+------------------------------------------------------------------ 
09:48:50.489 - 1: org.apache.uima.adapter.jms.activemq.JmsInputChannel.setEndpointName: INFO: top_level_input_queue_service_1 Service Starting - Listening for Messages 
09:48:50.502 - 1: org.apache.uima.adapter.jms.activemq.SpringContainerDeployer.waitForServiceNotification: INFO: Uima EE Client Blocking - Awaiting Top Level Controller Initialization Notification
09:48:50.536 - 15: org.apache.uima.aae.UimaAsThreadFactory$1.UimaAsThreadFactory.run(): INFO: Controller: aaeDescriptor Initializing AE instance on Thread Id: 15
09:48:50.536 - 16: org.apache.uima.aae.UimaAsThreadFactory$1.UimaAsThreadFactory.run(): INFO: Controller: aaeDescriptor Initializing AE instance on Thread Id: 16
09:48:50.536 - 14: org.apache.uima.aae.UimaAsThreadFactory$1.UimaAsThreadFactory.run(): INFO: Controller: aaeDescriptor Initializing AE instance on Thread Id: 14
09:48:50.537 - 17: org.apache.uima.aae.UimaAsThreadFactory$1.UimaAsThreadFactory.run(): INFO: Controller: aaeDescriptor Initializing AE instance on Thread Id: 17
09:48:50.537 - 18: org.apache.uima.aae.UimaAsThreadFactory$1.UimaAsThreadFactory.run(): INFO: Controller: aaeDescriptor Initializing AE instance on Thread Id: 18
09:48:51.10 - 18: org.apache.uima.aae.controller.PrimitiveAnalysisEngineController_impl.postInitialize: INFO: ********* Initialized the Controller. aaeDescriptor Ready To Process. ********
09:48:51.11 - 1: org.apache.uima.adapter.jms.activemq.SpringContainerDeployer.doStartListeners: INFO: Controller: aaeDescriptor Starting Listener on Endpoint: queue://zhuyundQueue Selector: Command=2000 OR Command=2002 Broker: tcp://ur.lti.cs.cmu.edu:61616
09:48:51.245 - 1: org.apache.uima.adapter.jms.activemq.SpringContainerDeployer.doStartListeners: INFO: Controller: aaeDescriptor Starting Listener on Endpoint: queue://zhuyundQueue Selector: Command=2001 Broker: tcp://ur.lti.cs.cmu.edu:61616
09:50:17.511 - 1: org.apache.uima.aae.controller.PrimitiveAnalysisEngineController_impl.terminate: INFO: Controller: aaeDescriptor Received Terminate Event
09:50:17.512 - 1: org.apache.uima.adapter.jms.activemq.JmsInputChannel.stopChannel: INFO: Stopping Service JMS Transport. Service: zhuyundQueue ShutdownNow true
09:50:17.513 - 1: org.apache.uima.adapter.jms.activemq.JmsInputChannel.stopChannel: INFO: Controller: aaeDescriptor Stopped Listener on Endpoint: queue://zhuyundQueue Selector:  Selector:Command=2000 OR Command=2002. 
09:50:17.514 - 1: org.apache.uima.adapter.jms.activemq.JmsInputChannel.stopChannel: INFO: Stopping Service JMS Transport. Service: zhuyundQueue ShutdownNow true
09:50:17.514 - 1: org.apache.uima.adapter.jms.activemq.JmsInputChannel.stopChannel: INFO: Controller: aaeDescriptor Stopped Listener on Endpoint: queue://zhuyundQueue Selector:  Selector:Command=2001. 
09:50:17.514 - 1: org.apache.uima.aae.controller.PrimitiveAnalysisEngineController_impl.stop: INFO: Stopping Controller: aaeDescriptor
09:50:17.516 - 1: org.apache.uima.adapter.jms.activemq.JmsOutputChannel.stop: INFO: Controller: zhuyundQueue Aborted Connection To Endpoint: ID:Zhuyuns-MacBook-Pro.local-59596-1445910602447-1:1:1 and Broker Uri: tcp://ur.lti.cs.cmu.edu:61616
09:50:17.517 - 1: org.apache.uima.adapter.jms.activemq.JmsOutputChannel.stop: INFO: Controller: zhuyundQueue Aborted Connection To Endpoint: ID:Zhuyuns-MacBook-Pro.local-59535-1445910562921-1:1:1 and Broker Uri: tcp://ur.lti.cs.cmu.edu:61616
09:50:17.517 - 1: org.apache.uima.adapter.jms.activemq.JmsOutputChannel.stop: INFO: Controller: zhuyundQueue Aborted Connection To Endpoint: ID:Zhuyuns-MacBook-Pro.local-59479-1445910534165-1:1:1 and Broker Uri: tcp://ur.lti.cs.cmu.edu:61616
09:50:17.534 - 1: org.apache.uima.adapter.jms.activemq.JmsOutputChannel.stop: INFO: Controller: zhuyundQueue Output Channel Shutdown Completed
09:50:17.535 - 1: org.apache.uima.aae.controller.PrimitiveAnalysisEngineController_impl.stop: INFO: Controller: aaeDescriptor has stopped
